Compile started: ??? ?????, ??? 02 2011 at 05:35 PM
---
Compiling script with Inno Setup 5.4.2 (u)
---
[ISPP] Preprocessing.
[ISPP] Preprocessed.
Parsing [Setup] section, line 14
Parsing [Setup] section, line 15
Parsing [Setup] section, line 16
Parsing [Setup] section, line 18
Parsing [Setup] section, line 19
Parsing [Setup] section, line 20
Parsing [Setup] section, line 21
Parsing [Setup] section, line 22
Parsing [Setup] section, line 23
Parsing [Setup] section, line 24
Parsing [Setup] section, line 25
Parsing [Setup] section, line 26
Parsing [Setup] section, line 27
Parsing [Setup] section, line 28
Parsing [Setup] section, line 29
Parsing [Setup] section, line 30
Parsing [Setup] section, line 31
Parsing [Setup] section, line 32
Parsing [Setup] section, line 33
Parsing [Setup] section, line 34
Parsing [Setup] section, line 35
Parsing [Setup] section, line 36
---------------------
Compile Error!
Line: 36
Error: Value of [Setup] section directive "OnlyBelowVersion" is invalid.


Compile started: ??? ?????, ??? 02 2011 at 05:35 PM
---
Compiling script with Inno Setup 5.4.2 (u)
---
[ISPP] Preprocessing.
[ISPP] Preprocessed.
Parsing [Setup] section, line 14
Parsing [Setup] section, line 15
Parsing [Setup] section, line 16
Parsing [Setup] section, line 18
Parsing [Setup] section, line 19
Parsing [Setup] section, line 20
Parsing [Setup] section, line 21
Parsing [Setup] section, line 22
Parsing [Setup] section, line 23
Parsing [Setup] section, line 24
Parsing [Setup] section, line 25
Parsing [Setup] section, line 26
Parsing [Setup] section, line 27
Parsing [Setup] section, line 28
Parsing [Setup] section, line 29
Parsing [Setup] section, line 30
Parsing [Setup] section, line 31
Parsing [Setup] section, line 32
Parsing [Setup] section, line 33
Parsing [Setup] section, line 34
Parsing [Setup] section, line 35
---------------------
Compile Error!
Line: 35
Error: Value of [Setup] section directive "OnlyBelowVersion" is invalid.


Compile started: ??? ?????, ??? 02 2011 at 05:36 PM
---
Compiling script with Inno Setup 5.4.2 (u)
---
[ISPP] Preprocessing.
[ISPP] Preprocessed.
Parsing [Setup] section, line 14
Parsing [Setup] section, line 15
Parsing [Setup] section, line 16
Parsing [Setup] section, line 18
Parsing [Setup] section, line 19
Parsing [Setup] section, line 20
Parsing [Setup] section, line 21
Parsing [Setup] section, line 22
Parsing [Setup] section, line 23
Parsing [Setup] section, line 24
Parsing [Setup] section, line 25
Parsing [Setup] section, line 26
Parsing [Setup] section, line 27
Parsing [Setup] section, line 28
Parsing [Setup] section, line 29
Parsing [Setup] section, line 30
Parsing [Setup] section, line 31
Parsing [Setup] section, line 32
Parsing [Setup] section, line 33
Parsing [Setup] section, line 34
Parsing [Setup] section, line 35
Parsing [Setup] section, line 36
Parsing [Setup] section, line 37
Parsing [Setup] section, line 38
Reading file (WizardImageFile)
   File: C:\Program Files\installers\Inno Setup 5\WIZMODERNIMAGE.BMP
Reading file (WizardSmallImageFile)
   File: C:\Program Files\installers\Inno Setup 5\WIZMODERNSMALLIMAGE.BMP
Preparing Setup program executable
   Updating icons (SETUP.E32)
Determining language code pages
   File: C:\Program Files\installers\Inno Setup 5\Default.isl
   Messages in script file
Reading default messages from Default.isl
Parsing [LangOptions], [Messages], and [CustomMessages] sections
   File: C:\Program Files\installers\Inno Setup 5\Default.isl
   Messages in script file
Reading [Code] section
Parsing [Types] section, line 60
Parsing [Components] section, line 65
Parsing [Components] section, line 66
Parsing [Components] section, line 67
Parsing [Components] section, line 68
Parsing [Tasks] section, line 41
Parsing [Tasks] section, line 42
Parsing [Icons] section, line 49
Parsing [Icons] section, line 50
Parsing [Icons] section, line 51
Parsing [Icons] section, line 52
Parsing [Run] section, line 55
Parsing [Files] section, line 45
---------------------
Compile Error!
Line: 45
Error: Parameter "Flags" cannot have both the "32bit" and "64bit" flags.


Compile started: ??? ?????, ??? 02 2011 at 05:36 PM
---
Compiling script with Inno Setup 5.4.2 (u)
---
[ISPP] Preprocessing.
[ISPP] Preprocessed.
Parsing [Setup] section, line 14
Parsing [Setup] section, line 15
Parsing [Setup] section, line 16
Parsing [Setup] section, line 18
Parsing [Setup] section, line 19
Parsing [Setup] section, line 20
Parsing [Setup] section, line 21
Parsing [Setup] section, line 22
Parsing [Setup] section, line 23
Parsing [Setup] section, line 24
Parsing [Setup] section, line 25
Parsing [Setup] section, line 26
Parsing [Setup] section, line 27
Parsing [Setup] section, line 28
Parsing [Setup] section, line 29
Parsing [Setup] section, line 30
Parsing [Setup] section, line 31
Parsing [Setup] section, line 32
Parsing [Setup] section, line 33
Parsing [Setup] section, line 34
Parsing [Setup] section, line 35
Parsing [Setup] section, line 36
Parsing [Setup] section, line 37
Parsing [Setup] section, line 38
Reading file (WizardImageFile)
   File: C:\Program Files\installers\Inno Setup 5\WIZMODERNIMAGE.BMP
Reading file (WizardSmallImageFile)
   File: C:\Program Files\installers\Inno Setup 5\WIZMODERNSMALLIMAGE.BMP
Preparing Setup program executable
   Updating icons (SETUP.E32)
Determining language code pages
   File: C:\Program Files\installers\Inno Setup 5\Default.isl
   Messages in script file
Reading default messages from Default.isl
Parsing [LangOptions], [Messages], and [CustomMessages] sections
   File: C:\Program Files\installers\Inno Setup 5\Default.isl
   Messages in script file
Reading [Code] section
Parsing [Types] section, line 60
Parsing [Components] section, line 65
Parsing [Components] section, line 66
Parsing [Components] section, line 67
Parsing [Components] section, line 68
Parsing [Tasks] section, line 41
Parsing [Tasks] section, line 42
Parsing [Icons] section, line 49
Parsing [Icons] section, line 50
Parsing [Icons] section, line 51
Parsing [Icons] section, line 52
Parsing [Run] section, line 55
Parsing [Files] section, line 45
   Reading version info: C:\Users\Shaul\Documents\SmartPropoPlus\HEAD\SPP33x\branches\3310\SppConsole\Release\SppConsole.exe
Reading file (isunzlib.dll)
Compiling [Code] section
Deleting setup.exe from output directory
Creating setup files
   Updating icons (SETUP.EXE)
   Compressing: C:\Users\Shaul\Documents\SmartPropoPlus\HEAD\SPP33x\branches\3310\SppConsole\Release\SppConsole.exe   (0.3.3.10)
   Compressing Setup program executable
   Updating version info
C:\Users\Shaul\Desktop\setup.exe
***

---
Compile finished: ??? ?????, ??? 02 2011 at 05:36 PM
---
Hit F9 to run the setup file


Compile started: ??? ?????, ??? 02 2011 at 05:40 PM
---
Compiling script with Inno Setup 5.4.2 (u)
---
[ISPP] Preprocessing.
[ISPP] Preprocessed.
Parsing [Setup] section, line 14
Parsing [Setup] section, line 15
Parsing [Setup] section, line 16
Parsing [Setup] section, line 18
Parsing [Setup] section, line 19
Parsing [Setup] section, line 20
Parsing [Setup] section, line 21
Parsing [Setup] section, line 22
Parsing [Setup] section, line 23
Parsing [Setup] section, line 24
Parsing [Setup] section, line 25
Parsing [Setup] section, line 26
Parsing [Setup] section, line 27
Parsing [Setup] section, line 28
Parsing [Setup] section, line 29
Parsing [Setup] section, line 30
Parsing [Setup] section, line 31
Parsing [Setup] section, line 32
Parsing [Setup] section, line 33
Parsing [Setup] section, line 34
Parsing [Setup] section, line 35
Parsing [Setup] section, line 36
Parsing [Setup] section, line 37
Parsing [Setup] section, line 38
Parsing [Setup] section, line 39
Reading file (WizardImageFile)
   File: C:\Program Files\installers\Inno Setup 5\WIZMODERNIMAGE.BMP
Reading file (WizardSmallImageFile)
   File: C:\Program Files\installers\Inno Setup 5\WIZMODERNSMALLIMAGE.BMP
Preparing Setup program executable
   Updating icons (SETUP.E32)
Determining language code pages
   File: C:\Program Files\installers\Inno Setup 5\Default.isl
   Messages in script file
Reading default messages from Default.isl
Parsing [LangOptions], [Messages], and [CustomMessages] sections
   File: C:\Program Files\installers\Inno Setup 5\Default.isl
   Messages in script file
Reading [Code] section
Parsing [Types] section, line 61
Parsing [Components] section, line 66
Parsing [Components] section, line 67
Parsing [Components] section, line 68
Parsing [Components] section, line 69
Parsing [Tasks] section, line 42
Parsing [Tasks] section, line 43
Parsing [Icons] section, line 50
Parsing [Icons] section, line 51
Parsing [Icons] section, line 52
Parsing [Icons] section, line 53
Parsing [Run] section, line 56
Parsing [Files] section, line 46
   Reading version info: C:\Users\Shaul\Documents\SmartPropoPlus\HEAD\SPP33x\branches\3310\SppConsole\Release\SppConsole.exe
Reading file (isunzlib.dll)
Compiling [Code] section
Deleting setup.exe from output directory
Creating setup files
   Updating icons (SETUP.EXE)
   Compressing: C:\Users\Shaul\Documents\SmartPropoPlus\HEAD\SPP33x\branches\3310\SppConsole\Release\SppConsole.exe   (0.3.3.10)
   Compressing Setup program executable
   Updating version info
C:\Users\Shaul\Desktop\setup.exe
***

---
Compile finished: ??? ?????, ??? 02 2011 at 05:41 PM
---
Hit F9 to run the setup file


Compile started: ??? ?????, ??? 02 2011 at 05:41 PM
---
Compiling script with Inno Setup 5.4.2 (u)
---
[ISPP] Preprocessing.
[ISPP] Preprocessed.
Parsing [Setup] section, line 14
Parsing [Setup] section, line 15
Parsing [Setup] section, line 16
Parsing [Setup] section, line 18
Parsing [Setup] section, line 19
Parsing [Setup] section, line 20
Parsing [Setup] section, line 21
Parsing [Setup] section, line 22
Parsing [Setup] section, line 23
Parsing [Setup] section, line 24
Parsing [Setup] section, line 25
Parsing [Setup] section, line 26
Parsing [Setup] section, line 27
Parsing [Setup] section, line 28
Parsing [Setup] section, line 29
Parsing [Setup] section, line 30
Parsing [Setup] section, line 31
Parsing [Setup] section, line 32
Parsing [Setup] section, line 33
Parsing [Setup] section, line 34
Parsing [Setup] section, line 35
Parsing [Setup] section, line 36
Parsing [Setup] section, line 37
Parsing [Setup] section, line 38
Parsing [Setup] section, line 39
Reading file (WizardImageFile)
   File: C:\Program Files\installers\Inno Setup 5\WIZMODERNIMAGE.BMP
Reading file (WizardSmallImageFile)
   File: C:\Program Files\installers\Inno Setup 5\WIZMODERNSMALLIMAGE.BMP
Preparing Setup program executable
   Updating icons (SETUP.E32)
Determining language code pages
   File: C:\Program Files\installers\Inno Setup 5\Default.isl
   Messages in script file
Reading default messages from Default.isl
Parsing [LangOptions], [Messages], and [CustomMessages] sections
   File: C:\Program Files\installers\Inno Setup 5\Default.isl
   Messages in script file
Reading [Code] section
Parsing [Types] section, line 61
Parsing [Components] section, line 66
Parsing [Components] section, line 67
Parsing [Components] section, line 68
Parsing [Components] section, line 69
Parsing [Tasks] section, line 42
Parsing [Tasks] section, line 43
Parsing [Icons] section, line 50
Parsing [Icons] section, line 51
Parsing [Icons] section, line 52
Parsing [Icons] section, line 53
Parsing [Run] section, line 56
Parsing [Files] section, line 46
   Reading version info: C:\Users\Shaul\Documents\SmartPropoPlus\HEAD\SPP33x\branches\3310\SppConsole\Release\SppConsole.exe
Reading file (isunzlib.dll)
Compiling [Code] section
Deleting setup.exe from output directory
Creating setup files
   Updating icons (SETUP.EXE)
   Compressing: C:\Users\Shaul\Documents\SmartPropoPlus\HEAD\SPP33x\branches\3310\SppConsole\Release\SppConsole.exe   (0.3.3.10)
   Compressing Setup program executable
   Updating version info
C:\Users\Shaul\Desktop\setup.exe
***

---
Compile finished: ??? ?????, ??? 02 2011 at 05:41 PM
---
Hit F9 to run the setup file


Compile started: ??? ?????, ??? 02 2011 at 05:42 PM
---
Compiling script with Inno Setup 5.4.2 (u)
---
[ISPP] Preprocessing.
[ISPP] Preprocessed.
Parsing [Setup] section, line 14
Parsing [Setup] section, line 15
Parsing [Setup] section, line 16
Parsing [Setup] section, line 18
Parsing [Setup] section, line 19
Parsing [Setup] section, line 20
Parsing [Setup] section, line 21
Parsing [Setup] section, line 22
Parsing [Setup] section, line 23
Parsing [Setup] section, line 24
Parsing [Setup] section, line 25
Parsing [Setup] section, line 26
Parsing [Setup] section, line 27
Parsing [Setup] section, line 28
Parsing [Setup] section, line 29
Parsing [Setup] section, line 30
Parsing [Setup] section, line 31
Parsing [Setup] section, line 32
Parsing [Setup] section, line 33
Parsing [Setup] section, line 34
Parsing [Setup] section, line 35
Parsing [Setup] section, line 36
Parsing [Setup] section, line 37
Parsing [Setup] section, line 38
Parsing [Setup] section, line 39
Reading file (WizardImageFile)
   File: C:\Program Files\installers\Inno Setup 5\WIZMODERNIMAGE.BMP
Reading file (WizardSmallImageFile)
   File: C:\Program Files\installers\Inno Setup 5\WIZMODERNSMALLIMAGE.BMP
Preparing Setup program executable
   Updating icons (SETUP.E32)
Determining language code pages
   File: C:\Program Files\installers\Inno Setup 5\Default.isl
   Messages in script file
Reading default messages from Default.isl
Parsing [LangOptions], [Messages], and [CustomMessages] sections
   File: C:\Program Files\installers\Inno Setup 5\Default.isl
   Messages in script file
Reading [Code] section
Parsing [Types] section, line 61
Parsing [Components] section, line 66
Parsing [Components] section, line 67
Parsing [Components] section, line 68
Parsing [Components] section, line 69
Parsing [Tasks] section, line 42
Parsing [Tasks] section, line 43
Parsing [Icons] section, line 50
Parsing [Icons] section, line 51
Parsing [Icons] section, line 52
Parsing [Icons] section, line 53
Parsing [Run] section, line 56
Parsing [Files] section, line 46
   Reading version info: C:\Users\Shaul\Documents\SmartPropoPlus\HEAD\SPP33x\branches\3310\SppConsole\Release\SppConsole.exe
Reading file (isunzlib.dll)
Compiling [Code] section
Deleting setup.exe from output directory
Creating setup files
   Updating icons (SETUP.EXE)
---------------------
Compile Error!
Line: 0
Error: The process cannot access the file because it is being used by another process.


Compile started: ??? ?????, ??? 02 2011 at 05:43 PM
---
Compiling script with Inno Setup 5.4.2 (u)
---
[ISPP] Preprocessing.
[ISPP] Preprocessed.
Parsing [Setup] section, line 14
Parsing [Setup] section, line 15
Parsing [Setup] section, line 16
Parsing [Setup] section, line 18
Parsing [Setup] section, line 19
Parsing [Setup] section, line 20
Parsing [Setup] section, line 21
Parsing [Setup] section, line 22
Parsing [Setup] section, line 23
Parsing [Setup] section, line 24
Parsing [Setup] section, line 25
Parsing [Setup] section, line 26
Parsing [Setup] section, line 27
Parsing [Setup] section, line 28
Parsing [Setup] section, line 29
Parsing [Setup] section, line 30
Parsing [Setup] section, line 31
Parsing [Setup] section, line 32
Parsing [Setup] section, line 33
Parsing [Setup] section, line 34
Parsing [Setup] section, line 35
Parsing [Setup] section, line 36
Parsing [Setup] section, line 37
Parsing [Setup] section, line 38
Parsing [Setup] section, line 39
Reading file (WizardImageFile)
   File: C:\Program Files\installers\Inno Setup 5\WIZMODERNIMAGE.BMP
Reading file (WizardSmallImageFile)
   File: C:\Program Files\installers\Inno Setup 5\WIZMODERNSMALLIMAGE.BMP
Preparing Setup program executable
   Updating icons (SETUP.E32)
Determining language code pages
   File: C:\Program Files\installers\Inno Setup 5\Default.isl
   Messages in script file
Reading default messages from Default.isl
Parsing [LangOptions], [Messages], and [CustomMessages] sections
   File: C:\Program Files\installers\Inno Setup 5\Default.isl
   Messages in script file
Reading [Code] section
Parsing [Types] section, line 61
Parsing [Components] section, line 66
Parsing [Components] section, line 67
Parsing [Components] section, line 68
Parsing [Components] section, line 69
Parsing [Tasks] section, line 42
Parsing [Tasks] section, line 43
Parsing [Icons] section, line 50
Parsing [Icons] section, line 51
Parsing [Icons] section, line 52
Parsing [Icons] section, line 53
Parsing [Run] section, line 56
Parsing [Files] section, line 46
   Reading version info: C:\Users\Shaul\Documents\SmartPropoPlus\HEAD\SPP33x\branches\3310\SppConsole\Release\SppConsole.exe
Reading file (isunzlib.dll)
Compiling [Code] section
Creating setup files
   Updating icons (SETUP.EXE)
   Compressing: C:\Users\Shaul\Documents\SmartPropoPlus\HEAD\SPP33x\branches\3310\SppConsole\Release\SppConsole.exe   (0.3.3.10)
   Compressing Setup program executable
   Updating version info
C:\Users\Shaul\Desktop\setup.exe
***

---
Compile finished: ??? ?????, ??? 02 2011 at 05:43 PM
---
Hit F9 to run the setup file


Compile started: ??? ?????, ??? 02 2011 at 05:47 PM
---
Compiling script with Inno Setup 5.4.2 (u)
---
[ISPP] Preprocessing.
[ISPP] Preprocessed.
Parsing [Setup] section, line 14
Parsing [Setup] section, line 15
Parsing [Setup] section, line 16
Parsing [Setup] section, line 18
Parsing [Setup] section, line 19
Parsing [Setup] section, line 20
Parsing [Setup] section, line 21
Parsing [Setup] section, line 22
Parsing [Setup] section, line 23
Parsing [Setup] section, line 24
Parsing [Setup] section, line 25
Parsing [Setup] section, line 26
Parsing [Setup] section, line 27
Parsing [Setup] section, line 28
Parsing [Setup] section, line 29
Parsing [Setup] section, line 30
Parsing [Setup] section, line 31
Parsing [Setup] section, line 32
Parsing [Setup] section, line 33
Parsing [Setup] section, line 34
Parsing [Setup] section, line 35
Parsing [Setup] section, line 36
Parsing [Setup] section, line 37
Parsing [Setup] section, line 38
Parsing [Setup] section, line 39
Reading file (WizardImageFile)
   File: C:\Program Files\installers\Inno Setup 5\WIZMODERNIMAGE.BMP
Reading file (WizardSmallImageFile)
   File: C:\Program Files\installers\Inno Setup 5\WIZMODERNSMALLIMAGE.BMP
Preparing Setup program executable
   Updating icons (SETUP.E32)
---------------------
Compile Error!
Line: 26
Error: The system cannot find the file specified.


Compile started: ??? ?????, ??? 02 2011 at 05:48 PM
---
Compiling script with Inno Setup 5.4.2 (u)
---
[ISPP] Preprocessing.
[ISPP] Preprocessed.
Parsing [Setup] section, line 14
Parsing [Setup] section, line 15
Parsing [Setup] section, line 16
Parsing [Setup] section, line 18
Parsing [Setup] section, line 19
Parsing [Setup] section, line 20
Parsing [Setup] section, line 21
Parsing [Setup] section, line 22
Parsing [Setup] section, line 23
Parsing [Setup] section, line 24
Parsing [Setup] section, line 25
Parsing [Setup] section, line 26
Parsing [Setup] section, line 27
Parsing [Setup] section, line 28
Parsing [Setup] section, line 29
Parsing [Setup] section, line 30
Parsing [Setup] section, line 31
Parsing [Setup] section, line 32
Parsing [Setup] section, line 33
Parsing [Setup] section, line 34
Parsing [Setup] section, line 35
Parsing [Setup] section, line 36
Parsing [Setup] section, line 37
Parsing [Setup] section, line 38
Parsing [Setup] section, line 39
Reading file (WizardImageFile)
   File: C:\Program Files\installers\Inno Setup 5\WIZMODERNIMAGE.BMP
Reading file (WizardSmallImageFile)
   File: C:\Program Files\installers\Inno Setup 5\WIZMODERNSMALLIMAGE.BMP
Preparing Setup program executable
   Updating icons (SETUP.E32)
---------------------
Compile Error!
Line: 26
Error: The system cannot find the file specified.


Compile started: ??? ?????, ??? 02 2011 at 05:50 PM
---
Compiling script with Inno Setup 5.4.2 (u)
---
[ISPP] Preprocessing.
[ISPP] Preprocessed.
Parsing [Setup] section, line 14
Parsing [Setup] section, line 15
Parsing [Setup] section, line 16
Parsing [Setup] section, line 18
Parsing [Setup] section, line 19
Parsing [Setup] section, line 20
Parsing [Setup] section, line 21
Parsing [Setup] section, line 22
Parsing [Setup] section, line 23
Parsing [Setup] section, line 24
Parsing [Setup] section, line 25
Parsing [Setup] section, line 26
Parsing [Setup] section, line 27
Parsing [Setup] section, line 28
Parsing [Setup] section, line 29
Parsing [Setup] section, line 30
Parsing [Setup] section, line 31
Parsing [Setup] section, line 32
Parsing [Setup] section, line 33
Parsing [Setup] section, line 34
Parsing [Setup] section, line 35
Parsing [Setup] section, line 36
Parsing [Setup] section, line 37
Parsing [Setup] section, line 38
Parsing [Setup] section, line 39
Reading file (WizardImageFile)
   File: C:\Program Files\installers\Inno Setup 5\WIZMODERNIMAGE.BMP
Reading file (WizardSmallImageFile)
   File: C:\Program Files\installers\Inno Setup 5\WIZMODERNSMALLIMAGE.BMP
Preparing Setup program executable
   Updating icons (SETUP.E32)
---------------------
Compile Error!
Line: 26
Error: The system cannot find the path specified.


Compile started: ??? ?????, ??? 02 2011 at 05:51 PM
---
Compiling script with Inno Setup 5.4.2 (u)
---
[ISPP] Preprocessing.
[ISPP] Preprocessed.
Parsing [Setup] section, line 14
Parsing [Setup] section, line 15
Parsing [Setup] section, line 16
Parsing [Setup] section, line 18
Parsing [Setup] section, line 19
Parsing [Setup] section, line 20
Parsing [Setup] section, line 21
Parsing [Setup] section, line 22
Parsing [Setup] section, line 23
Parsing [Setup] section, line 24
Parsing [Setup] section, line 25
Parsing [Setup] section, line 27
Parsing [Setup] section, line 28
Parsing [Setup] section, line 29
Parsing [Setup] section, line 30
Parsing [Setup] section, line 31
Parsing [Setup] section, line 32
Parsing [Setup] section, line 33
Parsing [Setup] section, line 34
Parsing [Setup] section, line 35
Parsing [Setup] section, line 36
Parsing [Setup] section, line 37
Parsing [Setup] section, line 38
Parsing [Setup] section, line 39
Reading file (WizardImageFile)
   File: C:\Program Files\installers\Inno Setup 5\WIZMODERNIMAGE.BMP
Reading file (WizardSmallImageFile)
   File: C:\Program Files\installers\Inno Setup 5\WIZMODERNSMALLIMAGE.BMP
Preparing Setup program executable
Determining language code pages
   File: C:\Program Files\installers\Inno Setup 5\Default.isl
   Messages in script file
Reading default messages from Default.isl
Parsing [LangOptions], [Messages], and [CustomMessages] sections
   File: C:\Program Files\installers\Inno Setup 5\Default.isl
   Messages in script file
Reading [Code] section
Parsing [Types] section, line 61
Parsing [Components] section, line 66
Parsing [Components] section, line 67
Parsing [Components] section, line 68
Parsing [Components] section, line 69
Parsing [Tasks] section, line 42
Parsing [Tasks] section, line 43
Parsing [Icons] section, line 50
Parsing [Icons] section, line 51
Parsing [Icons] section, line 52
Parsing [Icons] section, line 53
Parsing [Run] section, line 56
Parsing [Files] section, line 46
---------------------
Compile Error!
Line: 46
Error: Source file "C:\Users\Shaul\Documents\SmartPropoPlus\HEAD\SPP33x\branches\3310\Installer\..\..\SppConsole\Release\SppConsole.exe" does not exist.


Compile started: ??? ?????, ??? 02 2011 at 05:52 PM
---
Compiling script with Inno Setup 5.4.2 (u)
---
[ISPP] Preprocessing.
[ISPP] Preprocessed.
Parsing [Setup] section, line 14
Parsing [Setup] section, line 15
Parsing [Setup] section, line 16
Parsing [Setup] section, line 18
Parsing [Setup] section, line 19
Parsing [Setup] section, line 20
Parsing [Setup] section, line 21
Parsing [Setup] section, line 22
Parsing [Setup] section, line 23
Parsing [Setup] section, line 24
Parsing [Setup] section, line 25
Parsing [Setup] section, line 27
Parsing [Setup] section, line 28
Parsing [Setup] section, line 29
Parsing [Setup] section, line 30
Parsing [Setup] section, line 31
Parsing [Setup] section, line 32
Parsing [Setup] section, line 33
Parsing [Setup] section, line 34
Parsing [Setup] section, line 35
Parsing [Setup] section, line 36
Parsing [Setup] section, line 37
Parsing [Setup] section, line 38
Parsing [Setup] section, line 39
Reading file (WizardImageFile)
   File: C:\Program Files\installers\Inno Setup 5\WIZMODERNIMAGE.BMP
Reading file (WizardSmallImageFile)
   File: C:\Program Files\installers\Inno Setup 5\WIZMODERNSMALLIMAGE.BMP
Preparing Setup program executable
Determining language code pages
   File: C:\Program Files\installers\Inno Setup 5\Default.isl
   Messages in script file
Reading default messages from Default.isl
Parsing [LangOptions], [Messages], and [CustomMessages] sections
   File: C:\Program Files\installers\Inno Setup 5\Default.isl
   Messages in script file
Reading [Code] section
Parsing [Types] section, line 61
Parsing [Components] section, line 66
Parsing [Components] section, line 67
Parsing [Components] section, line 68
Parsing [Components] section, line 69
Parsing [Tasks] section, line 42
Parsing [Tasks] section, line 43
Parsing [Icons] section, line 50
Parsing [Icons] section, line 51
Parsing [Icons] section, line 52
Parsing [Icons] section, line 53
Parsing [Run] section, line 56
Parsing [Files] section, line 46
---------------------
Compile Error!
Line: 46
Error: Source file "C:\Users\Shaul\Documents\SmartPropoPlus\HEAD\SPP33x\branches\3310\Installer\..\..\SppConsole\Release\SppConsole.exe" does not exist.


Compile started: ??? ?????, ??? 02 2011 at 05:52 PM
---
Compiling script with Inno Setup 5.4.2 (u)
---
[ISPP] Preprocessing.
[ISPP] Preprocessed.
Parsing [Setup] section, line 14
Parsing [Setup] section, line 15
Parsing [Setup] section, line 16
Parsing [Setup] section, line 18
Parsing [Setup] section, line 19
Parsing [Setup] section, line 20
Parsing [Setup] section, line 21
Parsing [Setup] section, line 22
Parsing [Setup] section, line 23
Parsing [Setup] section, line 24
Parsing [Setup] section, line 25
Parsing [Setup] section, line 27
Parsing [Setup] section, line 28
Parsing [Setup] section, line 29
Parsing [Setup] section, line 30
Parsing [Setup] section, line 31
Parsing [Setup] section, line 32
Parsing [Setup] section, line 33
Parsing [Setup] section, line 34
Parsing [Setup] section, line 35
Parsing [Setup] section, line 36
Parsing [Setup] section, line 37
Parsing [Setup] section, line 38
Parsing [Setup] section, line 39
Reading file (WizardImageFile)
   File: C:\Program Files\installers\Inno Setup 5\WIZMODERNIMAGE.BMP
Reading file (WizardSmallImageFile)
   File: C:\Program Files\installers\Inno Setup 5\WIZMODERNSMALLIMAGE.BMP
Preparing Setup program executable
Determining language code pages
   File: C:\Program Files\installers\Inno Setup 5\Default.isl
   Messages in script file
Reading default messages from Default.isl
Parsing [LangOptions], [Messages], and [CustomMessages] sections
   File: C:\Program Files\installers\Inno Setup 5\Default.isl
   Messages in script file
Reading [Code] section
Parsing [Types] section, line 61
Parsing [Components] section, line 66
Parsing [Components] section, line 67
Parsing [Components] section, line 68
Parsing [Components] section, line 69
Parsing [Tasks] section, line 42
Parsing [Tasks] section, line 43
Parsing [Icons] section, line 50
Parsing [Icons] section, line 51
Parsing [Icons] section, line 52
Parsing [Icons] section, line 53
Parsing [Run] section, line 56
Parsing [Files] section, line 46
---------------------
Compile Error!
Line: 46
Error: Source file "C:\Users\Shaul\Documents\SmartPropoPlus\HEAD\SPP33x\branches\3310\Installer\..\..\SppConsole\Release\SppConsole.exe" does not exist.


Compile started: ??? ?????, ??? 02 2011 at 05:53 PM
---
Compiling script with Inno Setup 5.4.2 (u)
---
[ISPP] Preprocessing.
[ISPP] Preprocessed.
Parsing [Setup] section, line 14
Parsing [Setup] section, line 15
Parsing [Setup] section, line 16
Parsing [Setup] section, line 18
Parsing [Setup] section, line 19
Parsing [Setup] section, line 20
Parsing [Setup] section, line 21
Parsing [Setup] section, line 22
Parsing [Setup] section, line 23
Parsing [Setup] section, line 24
Parsing [Setup] section, line 25
Parsing [Setup] section, line 27
Parsing [Setup] section, line 28
Parsing [Setup] section, line 29
Parsing [Setup] section, line 30
Parsing [Setup] section, line 31
Parsing [Setup] section, line 32
Parsing [Setup] section, line 33
Parsing [Setup] section, line 34
Parsing [Setup] section, line 35
Parsing [Setup] section, line 36
Parsing [Setup] section, line 37
Parsing [Setup] section, line 38
Parsing [Setup] section, line 39
Reading file (WizardImageFile)
   File: C:\Program Files\installers\Inno Setup 5\WIZMODERNIMAGE.BMP
Reading file (WizardSmallImageFile)
   File: C:\Program Files\installers\Inno Setup 5\WIZMODERNSMALLIMAGE.BMP
Preparing Setup program executable
Determining language code pages
   File: C:\Program Files\installers\Inno Setup 5\Default.isl
   Messages in script file
Reading default messages from Default.isl
Parsing [LangOptions], [Messages], and [CustomMessages] sections
   File: C:\Program Files\installers\Inno Setup 5\Default.isl
   Messages in script file
Reading [Code] section
Parsing [Types] section, line 61
Parsing [Components] section, line 66
Parsing [Components] section, line 67
Parsing [Components] section, line 68
Parsing [Components] section, line 69
Parsing [Tasks] section, line 42
Parsing [Tasks] section, line 43
Parsing [Icons] section, line 50
Parsing [Icons] section, line 51
Parsing [Icons] section, line 52
Parsing [Icons] section, line 53
Parsing [Run] section, line 56
Parsing [Files] section, line 46
---------------------
Compile Error!
Line: 46
Error: Source file "C:\Users\Shaul\Documents\SmartPropoPlus\HEAD\SPP33x\branches\3310\Installer\..\..\SppConsole\Release\SppConsole.exe" does not exist.


Compile started: ??? ?????, ??? 02 2011 at 06:24 PM
---
Compiling script with Inno Setup 5.4.2 (u)
---
[ISPP] Preprocessing.
[ISPP] Preprocessed.
Parsing [Setup] section, line 14
Parsing [Setup] section, line 15
Parsing [Setup] section, line 16
Parsing [Setup] section, line 18
Parsing [Setup] section, line 19
Parsing [Setup] section, line 20
Parsing [Setup] section, line 21
Parsing [Setup] section, line 22
Parsing [Setup] section, line 23
Parsing [Setup] section, line 24
Parsing [Setup] section, line 25
Parsing [Setup] section, line 27
Parsing [Setup] section, line 28
Parsing [Setup] section, line 29
Parsing [Setup] section, line 30
Parsing [Setup] section, line 31
Parsing [Setup] section, line 32
Parsing [Setup] section, line 33
Parsing [Setup] section, line 34
Parsing [Setup] section, line 35
Parsing [Setup] section, line 36
Parsing [Setup] section, line 37
Parsing [Setup] section, line 38
Parsing [Setup] section, line 39
Reading file (WizardImageFile)
   File: C:\Program Files\installers\Inno Setup 5\WIZMODERNIMAGE.BMP
Reading file (WizardSmallImageFile)
   File: C:\Program Files\installers\Inno Setup 5\WIZMODERNSMALLIMAGE.BMP
Preparing Setup program executable
Determining language code pages
   File: C:\Program Files\installers\Inno Setup 5\Default.isl
   Messages in script file
Reading default messages from Default.isl
Parsing [LangOptions], [Messages], and [CustomMessages] sections
   File: C:\Program Files\installers\Inno Setup 5\Default.isl
   Messages in script file
Reading [Code] section
Parsing [Types] section, line 61
Parsing [Components] section, line 66
Parsing [Components] section, line 67
Parsing [Components] section, line 68
Parsing [Components] section, line 69
Parsing [Tasks] section, line 42
Parsing [Tasks] section, line 43
Parsing [Icons] section, line 50
Parsing [Icons] section, line 51
Parsing [Icons] section, line 52
Parsing [Icons] section, line 53
Parsing [Run] section, line 56
Parsing [Files] section, line 46
   Reading version info: C:\Users\Shaul\Documents\SmartPropoPlus\HEAD\SPP33x\branches\3310\Installer\..\SppConsole\Release\SppConsole.exe
Reading file (isunzlib.dll)
Compiling [Code] section
Deleting setup.exe from output directory
Creating setup files
   Compressing: C:\Users\Shaul\Documents\SmartPropoPlus\HEAD\SPP33x\branches\3310\Installer\..\SppConsole\Release\SppConsole.exe   (0.3.3.10)
   Compressing Setup program executable
   Updating version info
C:\Users\Shaul\Desktop\setup.exe
***

---
Compile finished: ??? ?????, ??? 02 2011 at 06:24 PM
---
Hit F9 to run the setup file


Compile started: ??? ?????, ??? 02 2011 at 06:29 PM
---
Compiling script with Inno Setup 5.4.2 (u)
---
[ISPP] Preprocessing.
[ISPP] Preprocessed.
Parsing [Setup] section, line 14
Parsing [Setup] section, line 15
Parsing [Setup] section, line 16
Parsing [Setup] section, line 18
Parsing [Setup] section, line 19
Parsing [Setup] section, line 20
Parsing [Setup] section, line 21
Parsing [Setup] section, line 22
Parsing [Setup] section, line 23
Parsing [Setup] section, line 24
Parsing [Setup] section, line 25
Parsing [Setup] section, line 27
Parsing [Setup] section, line 28
Parsing [Setup] section, line 29
Parsing [Setup] section, line 30
Parsing [Setup] section, line 31
Parsing [Setup] section, line 32
Parsing [Setup] section, line 33
Parsing [Setup] section, line 34
Parsing [Setup] section, line 35
Parsing [Setup] section, line 36
Parsing [Setup] section, line 37
Parsing [Setup] section, line 38
Parsing [Setup] section, line 39
Reading file (WizardImageFile)
   File: C:\Program Files\installers\Inno Setup 5\WIZMODERNIMAGE.BMP
Reading file (WizardSmallImageFile)
   File: C:\Program Files\installers\Inno Setup 5\WIZMODERNSMALLIMAGE.BMP
Preparing Setup program executable
Determining language code pages
   File: C:\Program Files\installers\Inno Setup 5\Default.isl
   Messages in script file
Reading default messages from Default.isl
Parsing [LangOptions], [Messages], and [CustomMessages] sections
   File: C:\Program Files\installers\Inno Setup 5\Default.isl
   Messages in script file
Reading [Code] section
Parsing [Types] section, line 61
Parsing [Components] section, line 66
Parsing [Components] section, line 67
Parsing [Components] section, line 68
Parsing [Components] section, line 69
Parsing [Tasks] section, line 42
Parsing [Tasks] section, line 43
Parsing [Icons] section, line 50
Parsing [Icons] section, line 51
Parsing [Icons] section, line 52
Parsing [Icons] section, line 53
Parsing [Run] section, line 56
Parsing [Files] section, line 46
   Reading version info: C:\Users\Shaul\Documents\SmartPropoPlus\HEAD\SPP33x\branches\3310\Installer\..\SppConsole\Release\SppConsole.exe
Reading file (isunzlib.dll)
Compiling [Code] section
Deleting setup.exe from output directory
Creating setup files
   Compressing: C:\Users\Shaul\Documents\SmartPropoPlus\HEAD\SPP33x\branches\3310\Installer\..\SppConsole\Release\SppConsole.exe   (0.3.3.10)
   Compressing Setup program executable
   Updating version info
C:\Users\Shaul\Desktop\setup.exe
***

---
Compile finished: ??? ?????, ??? 02 2011 at 06:29 PM
---
Hit F9 to run the setup file


Compile started: ??? ?????, ??? 02 2011 at 06:30 PM
---
Compiling script with Inno Setup 5.4.2 (u)
---
[ISPP] Preprocessing.
[ISPP] Preprocessed.
Parsing [Setup] section, line 14
Parsing [Setup] section, line 15
Parsing [Setup] section, line 16
Parsing [Setup] section, line 18
Parsing [Setup] section, line 19
Parsing [Setup] section, line 20
Parsing [Setup] section, line 21
Parsing [Setup] section, line 22
Parsing [Setup] section, line 23
Parsing [Setup] section, line 24
Parsing [Setup] section, line 25
Parsing [Setup] section, line 27
Parsing [Setup] section, line 28
Parsing [Setup] section, line 29
Parsing [Setup] section, line 30
Parsing [Setup] section, line 31
Parsing [Setup] section, line 32
Parsing [Setup] section, line 33
Parsing [Setup] section, line 34
Parsing [Setup] section, line 35
Parsing [Setup] section, line 36
Parsing [Setup] section, line 37
Parsing [Setup] section, line 38
Parsing [Setup] section, line 39
Reading file (WizardImageFile)
   File: C:\Program Files\installers\Inno Setup 5\WIZMODERNIMAGE.BMP
Reading file (WizardSmallImageFile)
   File: C:\Program Files\installers\Inno Setup 5\WIZMODERNSMALLIMAGE.BMP
Preparing Setup program executable
Determining language code pages
   File: C:\Program Files\installers\Inno Setup 5\Default.isl
   Messages in script file
Reading default messages from Default.isl
Parsing [LangOptions], [Messages], and [CustomMessages] sections
   File: C:\Program Files\installers\Inno Setup 5\Default.isl
   Messages in script file
Reading [Code] section
Parsing [Types] section, line 61
Parsing [Components] section, line 66
Parsing [Components] section, line 67
Parsing [Components] section, line 68
Parsing [Components] section, line 69
Parsing [Tasks] section, line 42
Parsing [Tasks] section, line 43
Parsing [Icons] section, line 50
Parsing [Icons] section, line 51
Parsing [Icons] section, line 52
Parsing [Icons] section, line 53
Parsing [Run] section, line 56
Parsing [Files] section, line 46
   Reading version info: C:\Users\Shaul\Documents\SmartPropoPlus\HEAD\SPP33x\branches\3310\Installer\..\SppConsole\Release\SppConsole.exe
Reading file (isunzlib.dll)
Compiling [Code] section
Deleting setup.exe from output directory
Creating setup files
   Compressing: C:\Users\Shaul\Documents\SmartPropoPlus\HEAD\SPP33x\branches\3310\Installer\..\SppConsole\Release\SppConsole.exe   (0.3.3.10)
   Compressing Setup program executable
   Updating version info


Compile started: ??? ?????, ??? 02 2011 at 06:30 PM
---
Compiling script with Inno Setup 5.4.2 (u)
---
[ISPP] Preprocessing.
[ISPP] Preprocessed.
Parsing [Setup] section, line 14
Parsing [Setup] section, line 15
Parsing [Setup] section, line 16
Parsing [Setup] section, line 18
Parsing [Setup] section, line 19
Parsing [Setup] section, line 20
Parsing [Setup] section, line 21
Parsing [Setup] section, line 22
Parsing [Setup] section, line 23
Parsing [Setup] section, line 24
Parsing [Setup] section, line 25
Parsing [Setup] section, line 27
Parsing [Setup] section, line 28
Parsing [Setup] section, line 29
Parsing [Setup] section, line 30
Parsing [Setup] section, line 31
Parsing [Setup] section, line 32
Parsing [Setup] section, line 33
Parsing [Setup] section, line 34
Parsing [Setup] section, line 35
Parsing [Setup] section, line 36
Parsing [Setup] section, line 37
Parsing [Setup] section, line 38
Parsing [Setup] section, line 39
Parsing [Setup] section, line 40
Reading file (WizardImageFile)
   File: C:\Program Files\installers\Inno Setup 5\WIZMODERNIMAGE.BMP
Reading file (WizardSmallImageFile)
   File: C:\Program Files\installers\Inno Setup 5\WIZMODERNSMALLIMAGE.BMP
Preparing Setup program executable
Determining language code pages
   File: C:\Program Files\installers\Inno Setup 5\Default.isl
   Messages in script file
Reading default messages from Default.isl
Parsing [LangOptions], [Messages], and [CustomMessages] sections
   File: C:\Program Files\installers\Inno Setup 5\Default.isl
   Messages in script file
Reading [Code] section
Parsing [Types] section, line 62
Parsing [Components] section, line 67
Parsing [Components] section, line 68
Parsing [Components] section, line 69
Parsing [Components] section, line 70
Parsing [Tasks] section, line 43
Parsing [Tasks] section, line 44
Parsing [Icons] section, line 51
Parsing [Icons] section, line 52
Parsing [Icons] section, line 53
Parsing [Icons] section, line 54
Parsing [Run] section, line 57
Parsing [Files] section, line 47
   Reading version info: C:\Users\Shaul\Documents\SmartPropoPlus\HEAD\SPP33x\branches\3310\Installer\..\SppConsole\Release\SppConsole.exe
Reading file (isunzlib.dll)
Compiling [Code] section
Deleting setup.exe from output directory
Creating setup files
   Compressing: C:\Users\Shaul\Documents\SmartPropoPlus\HEAD\SPP33x\branches\3310\Installer\..\SppConsole\Release\SppConsole.exe   (0.3.3.10)
   Compressing Setup program executable
   Updating version info
C:\Users\Shaul\Desktop\setup.exe
***

---
Compile finished: ??? ?????, ??? 02 2011 at 06:30 PM
---
Hit F9 to run the setup file


